==5585== Memcheck, a memory error detector
==5585== Copyright (C) 2002-2022, and GNU GPL'd, by Julian Seward et al.
==5585== Using Valgrind-3.20.0 and LibVEX; rerun with -h for copyright info
==5585== Command: ./a.out
==5585== Parent PID: 5362
==5585== 
==5585== Invalid read of size 4
==5585==    at 0x108838: main (q6.c:22)
==5585==  Address 0x4a4a048 is 8 bytes inside a block of size 400 free'd
==5585==    at 0x4867C44: free (vg_replace_malloc.c:884)
==5585==    by 0x10882F: main (q6.c:21)
==5585==  Block was alloc'd at
==5585==    at 0x4865250: malloc (vg_replace_malloc.c:393)
==5585==    by 0x108823: main (q6.c:20)
==5585== 
==5585== 
==5585== HEAP SUMMARY:
==5585==     in use at exit: 0 bytes in 0 blocks
==5585==   total heap usage: 2 allocs, 2 frees, 1,424 bytes allocated
==5585== 
==5585== All heap blocks were freed -- no leaks are possible
==5585== 
==5585== For lists of detected and suppressed errors, rerun with: -s
==5585== ERROR SUMMARY: 1 errors from 1 contexts (suppressed: 0 from 0)
