==5687== Memcheck, a memory error detector
==5687== Copyright (C) 2002-2022, and GNU GPL'd, by Julian Seward et al.
==5687== Using Valgrind-3.20.0 and LibVEX; rerun with -h for copyright info
==5687== Command: ./a.out
==5687== Parent PID: 5362
==5687== 
==5687== Invalid write of size 4
==5687==    at 0x108770: main (q5.c:24)
==5687==  Address 0x4a4a1d0 is 0 bytes after a block of size 400 alloc'd
==5687==    at 0x4865250: malloc (vg_replace_malloc.c:393)
==5687==    by 0x108763: main (q5.c:23)
==5687== 
==5687== 
==5687== HEAP SUMMARY:
==5687==     in use at exit: 400 bytes in 1 blocks
==5687==   total heap usage: 1 allocs, 0 frees, 400 bytes allocated
==5687== 
==5687== 400 bytes in 1 blocks are definitely lost in loss record 1 of 1
==5687==    at 0x4865250: malloc (vg_replace_malloc.c:393)
==5687==    by 0x108763: main (q5.c:23)
==5687== 
==5687== LEAK SUMMARY:
==5687==    definitely lost: 400 bytes in 1 blocks
==5687==    indirectly lost: 0 bytes in 0 blocks
==5687==      possibly lost: 0 bytes in 0 blocks
==5687==    still reachable: 0 bytes in 0 blocks
==5687==         suppressed: 0 bytes in 0 blocks
==5687== 
==5687== For lists of detected and suppressed errors, rerun with: -s
==5687== ERROR SUMMARY: 2 errors from 2 contexts (suppressed: 0 from 0)
