==5656== Memcheck, a memory error detector
==5656== Copyright (C) 2002-2022, and GNU GPL'd, by Julian Seward et al.
==5656== Using Valgrind-3.20.0 and LibVEX; rerun with -h for copyright info
==5656== Command: ./a.out
==5656== Parent PID: 5362
==5656== 
==5656== 
==5656== HEAP SUMMARY:
==5656==     in use at exit: 5 bytes in 1 blocks
==5656==   total heap usage: 2 allocs, 1 frees, 1,029 bytes allocated
==5656== 
==5656== 5 bytes in 1 blocks are definitely lost in loss record 1 of 1
==5656==    at 0x4865250: malloc (vg_replace_malloc.c:393)
==5656==    by 0x108877: main (q4.c:24)
==5656== 
==5656== LEAK SUMMARY:
==5656==    definitely lost: 5 bytes in 1 blocks
==5656==    indirectly lost: 0 bytes in 0 blocks
==5656==      possibly lost: 0 bytes in 0 blocks
==5656==    still reachable: 0 bytes in 0 blocks
==5656==         suppressed: 0 bytes in 0 blocks
==5656== 
==5656== For lists of detected and suppressed errors, rerun with: -s
==5656== ERROR SUMMARY: 1 errors from 1 contexts (suppressed: 0 from 0)
